d:\файлы\программист\2 курс\объектно-ориентированное программирование\лабораторные\лабораторная№3\лабораторная№3\debug\лабораторная№3.pch
d:\файлы\программист\2 курс\объектно-ориентированное программирование\лабораторные\лабораторная№3\лабораторная№3\debug\vc120.pdb
d:\файлы\программист\2 курс\объектно-ориентированное программирование\лабораторные\лабораторная№3\лабораторная№3\debug\vc120.idb
d:\файлы\программист\2 курс\объектно-ориентированное программирование\лабораторные\лабораторная№3\лабораторная№3\debug\stdafx.obj
d:\файлы\программист\2 курс\объектно-ориентированное программирование\лабораторные\лабораторная№3\лабораторная№3\debug\inzhener.obj
d:\файлы\программист\2 курс\объектно-ориентированное программирование\лабораторные\лабораторная№3\лабораторная№3\debug\person.obj
d:\файлы\программист\2 курс\объектно-ориентированное программирование\лабораторные\лабораторная№3\лабораторная№3\debug\rabochi.obj
d:\файлы\программист\2 курс\объектно-ориентированное программирование\лабораторные\лабораторная№3\лабораторная№3\debug\sluzachi.obj
d:\файлы\программист\2 курс\объектно-ориентированное программирование\лабораторные\лабораторная№3\лабораторная№3\debug\student.obj
d:\файлы\программист\2 курс\объектно-ориентированное программирование\лабораторные\лабораторная№3\лабораторная№3\debug\tokar.obj
d:\файлы\программист\2 курс\объектно-ориентированное программирование\лабораторные\лабораторная№3\лабораторная№3\debug\лабораторная№3.obj
d:\файлы\программист\2 курс\объектно-ориентированное программирование\лабораторные\лабораторная№3\debug\лабораторная№3.pdb
d:\файлы\программист\2 курс\объектно-ориентированное программирование\лабораторные\лабораторная№3\лабораторная№3\debug\лабораторная№3.tlog\cl.command.1.tlog
d:\файлы\программист\2 курс\объектно-ориентированное программирование\лабораторные\лабораторная№3\лабораторная№3\debug\лабораторная№3.tlog\cl.read.1.tlog
d:\файлы\программист\2 курс\объектно-ориентированное программирование\лабораторные\лабораторная№3\лабораторная№3\debug\лабораторная№3.tlog\cl.write.1.tlog
d:\файлы\программист\2 курс\объектно-ориентированное программирование\лабораторные\лабораторная№3\лабораторная№3\debug\лабораторная№3.tlog\link-cvtres.read.1.tlog
d:\файлы\программист\2 курс\объектно-ориентированное программирование\лабораторные\лабораторная№3\лабораторная№3\debug\лабораторная№3.tlog\link-cvtres.write.1.tlog
d:\файлы\программист\2 курс\объектно-ориентированное программирование\лабораторные\лабораторная№3\лабораторная№3\debug\лабораторная№3.tlog\link-rc.read.1.tlog
d:\файлы\программист\2 курс\объектно-ориентированное программирование\лабораторные\лабораторная№3\лабораторная№3\debug\лабораторная№3.tlog\link-rc.write.1.tlog
d:\файлы\программист\2 курс\объектно-ориентированное программирование\лабораторные\лабораторная№3\лабораторная№3\debug\лабораторная№3.tlog\link.command.1.tlog
d:\файлы\программист\2 курс\объектно-ориентированное программирование\лабораторные\лабораторная№3\лабораторная№3\debug\лабораторная№3.tlog\link.read.1.tlog
d:\файлы\программист\2 курс\объектно-ориентированное программирование\лабораторные\лабораторная№3\лабораторная№3\debug\лабораторная№3.tlog\link.write.1.tlog
